<?xml version="1.0" encoding="UTF-8"?>
<!-- Generated by org.testng.reporters.JUnitXMLReporter -->
<testsuite ignored="0" hostname="DESKTOP-TKMLJJN" failures="0" tests="2" name="Default test" time="5.761" errors="0" timestamp="2026-03-10T16:39:18 IST">
  <testcase classname="com.ecommerce.testsuite.tests.LoginTest" name="loginTestNegative" time="0.437"/>
  <testcase classname="com.ecommerce.testsuite.tests.LoginTest" name="loginTestPositiveTC" time="0.443"/>
</testsuite> <!-- Default test -->
