<?xml version="1.0" encoding="UTF-8"?>
<!-- Generated by org.testng.reporters.JUnitXMLReporter -->
<testsuite ignored="0" hostname="DESKTOP-TKMLJJN" failures="1" tests="2" name="Login Test" time="3.868" errors="0" timestamp="2026-03-11T19:05:37 IST">
  <testcase classname="com.ecommerce.testsuite.tests.LoginTest" name="loginTestNegative" time="0.404"/>
  <testcase classname="com.ecommerce.testsuite.tests.LoginTest" name="loginTestPositiveTC" time="0.41">
    <failure type="java.lang.AssertionError" message="expected [Product] but found [Swag Labs]">
      <![CDATA[java.lang.AssertionError: expected [Product] but found [Swag Labs]
at com.ecommerce.testsuite.tests.LoginTest.loginTestPositiveTC(LoginTest.java:37)
at java.base/java.util.concurrent.Executors$RunnableAdapter.call(Executors.java:545)
at java.base/java.util.concurrent.FutureTask.run(FutureTask.java:328)
at java.base/java.util.concurrent.ThreadPoolExecutor.runWorker(ThreadPoolExecutor.java:1090)
at java.base/java.util.concurrent.ThreadPoolExecutor$Worker.run(ThreadPoolExecutor.java:614)
at java.base/java.lang.Thread.run(Thread.java:1474)
... Removed 17 stack frames]]>
    </failure>
  </testcase> <!-- loginTestPositiveTC -->
</testsuite> <!-- Login Test -->
