<?xml version="1.0" encoding="UTF-8"?>
<testng-results ignored="0" total="1" passed="1" failed="0" skipped="0">
  <reporter-output>
  </reporter-output>
  <suite started-at="2026-03-09T16:38:31 IST" name="Ecommerce Test Suite" finished-at="2026-03-09T16:38:34 IST" duration-ms="3238">
    <groups>
    </groups>
    <test started-at="2026-03-09T16:38:31 IST" name="Login Test" finished-at="2026-03-09T16:38:34 IST" duration-ms="3238">
      <class name="com.ecommerce.testsuite.tests.LoginTest">
        <test-method is-config="true" signature="setUp()[pri:0, instance:com.ecommerce.testsuite.tests.LoginTest@34b7ac2f]" started-at="2026-03-09T16:38:31 IST" name="setUp" finished-at="2026-03-09T16:38:33 IST" duration-ms="2512" status="PASS">
          <reporter-output>
          </reporter-output>
        </test-method> <!-- setUp -->
        <test-method is-config="true" signature="initpage()[pri:0, instance:com.ecommerce.testsuite.tests.LoginTest@34b7ac2f]" started-at="2026-03-09T16:38:33 IST" name="initpage" finished-at="2026-03-09T16:38:33 IST" duration-ms="7" status="PASS">
          <reporter-output>
          </reporter-output>
        </test-method> <!-- initpage -->
        <test-method signature="LoginTestPositiveTC()[pri:0, instance:com.ecommerce.testsuite.tests.LoginTest@34b7ac2f]" started-at="2026-03-09T16:38:33 IST" name="LoginTestPositiveTC" finished-at="2026-03-09T16:38:34 IST" duration-ms="420" status="PASS">
          <reporter-output>
          </reporter-output>
        </test-method> <!-- LoginTestPositiveTC -->
        <test-method is-config="true" signature="tearDown()[pri:0, instance:com.ecommerce.testsuite.tests.LoginTest@34b7ac2f]" started-at="2026-03-09T16:38:34 IST" name="tearDown" finished-at="2026-03-09T16:38:34 IST" duration-ms="251" status="PASS">
          <reporter-output>
          </reporter-output>
        </test-method> <!-- tearDown -->
      </class> <!-- com.ecommerce.testsuite.tests.LoginTest -->
    </test> <!-- Login Test -->
  </suite> <!-- Ecommerce Test Suite -->
</testng-results>
