<?xml version="1.0" encoding="UTF-8"?>
<testng-results ignored="0" total="2" passed="2" failed="0" skipped="0">
  <reporter-output>
  </reporter-output>
  <suite started-at="2026-03-10T16:39:12 IST" name="Default suite" finished-at="2026-03-10T16:39:18 IST" duration-ms="5761">
    <groups>
    </groups>
    <test started-at="2026-03-10T16:39:12 IST" name="Default test" finished-at="2026-03-10T16:39:18 IST" duration-ms="5761">
      <class name="com.ecommerce.testsuite.tests.LoginTest">
        <test-method is-config="true" signature="setUp()[pri:0, instance:com.ecommerce.testsuite.tests.LoginTest@c267ef4]" started-at="2026-03-10T16:39:12 IST" name="setUp" finished-at="2026-03-10T16:39:14 IST" duration-ms="2410" status="PASS">
          <reporter-output>
          </reporter-output>
        </test-method> <!-- setUp -->
        <test-method is-config="true" signature="initpage()[pri:0, instance:com.ecommerce.testsuite.tests.LoginTest@c267ef4]" started-at="2026-03-10T16:39:14 IST" name="initpage" finished-at="2026-03-10T16:39:14 IST" duration-ms="2" status="PASS">
          <reporter-output>
          </reporter-output>
        </test-method> <!-- initpage -->
        <test-method signature="loginTestNegative()[pri:0, instance:com.ecommerce.testsuite.tests.LoginTest@c267ef4]" started-at="2026-03-10T16:39:14 IST" name="loginTestNegative" finished-at="2026-03-10T16:39:15 IST" duration-ms="437" status="PASS">
          <reporter-output>
          </reporter-output>
        </test-method> <!-- loginTestNegative -->
        <test-method is-config="true" signature="tearDown()[pri:0, instance:com.ecommerce.testsuite.tests.LoginTest@c267ef4]" started-at="2026-03-10T16:39:15 IST" name="tearDown" finished-at="2026-03-10T16:39:15 IST" duration-ms="287" status="PASS">
          <reporter-output>
          </reporter-output>
        </test-method> <!-- tearDown -->
        <test-method is-config="true" signature="setUp()[pri:0, instance:com.ecommerce.testsuite.tests.LoginTest@c267ef4]" started-at="2026-03-10T16:39:15 IST" name="setUp" finished-at="2026-03-10T16:39:17 IST" duration-ms="1926" status="PASS">
          <reporter-output>
          </reporter-output>
        </test-method> <!-- setUp -->
        <test-method is-config="true" signature="initpage()[pri:0, instance:com.ecommerce.testsuite.tests.LoginTest@c267ef4]" started-at="2026-03-10T16:39:17 IST" name="initpage" finished-at="2026-03-10T16:39:17 IST" duration-ms="2" status="PASS">
          <reporter-output>
          </reporter-output>
        </test-method> <!-- initpage -->
        <test-method signature="loginTestPositiveTC()[pri:0, instance:com.ecommerce.testsuite.tests.LoginTest@c267ef4]" started-at="2026-03-10T16:39:17 IST" name="loginTestPositiveTC" finished-at="2026-03-10T16:39:17 IST" duration-ms="443" status="PASS">
          <reporter-output>
          </reporter-output>
        </test-method> <!-- loginTestPositiveTC -->
        <test-method is-config="true" signature="tearDown()[pri:0, instance:com.ecommerce.testsuite.tests.LoginTest@c267ef4]" started-at="2026-03-10T16:39:17 IST" name="tearDown" finished-at="2026-03-10T16:39:18 IST" duration-ms="202" status="PASS">
          <reporter-output>
          </reporter-output>
        </test-method> <!-- tearDown -->
      </class> <!-- com.ecommerce.testsuite.tests.LoginTest -->
    </test> <!-- Default test -->
  </suite> <!-- Default suite -->
</testng-results>
