<?xml version="1.0" encoding="UTF-8"?>
<!-- Generated by org.testng.reporters.JUnitReportReporter -->
<testsuite hostname="DESKTOP-TKMLJJN" failures="0" tests="2" name="com.ecommerce.testsuite.tests.LoginTest" time="5.634" errors="0" timestamp="2026-03-10T16:41:29 IST" skipped="0">
  <testcase classname="com.ecommerce.testsuite.tests.LoginTest" name="loginTestPositiveTC" time="2.523"/>
  <testcase classname="com.ecommerce.testsuite.tests.LoginTest" name="loginTestNegative" time="3.111"/>
</testsuite> <!-- com.ecommerce.testsuite.tests.LoginTest -->
