<?xml version="1.0" encoding="UTF-8"?>
<!-- Generated by org.testng.reporters.JUnitReportReporter -->
<testsuite hostname="DESKTOP-TKMLJJN" failures="0" tests="2" name="com.ecommerce.testsuite.tests.LoginTest" time="5.709" errors="0" timestamp="2026-03-10T16:39:18 IST" skipped="0">
  <testcase classname="com.ecommerce.testsuite.tests.LoginTest" name="loginTestPositiveTC" time="2.658"/>
  <testcase classname="com.ecommerce.testsuite.tests.LoginTest" name="loginTestNegative" time="3.051"/>
</testsuite> <!-- com.ecommerce.testsuite.tests.LoginTest -->
